2025-04-04 10:29:36,128:WARNING:
'cuml' is a soft dependency and not included in the pycaret installation. Please run: `pip install cuml` to install.
2025-04-04 10:29:36,128:WARNING:
'cuml' is a soft dependency and not included in the pycaret installation. Please run: `pip install cuml` to install.
2025-04-04 10:29:36,128:WARNING:
'cuml' is a soft dependency and not included in the pycaret installation. Please run: `pip install cuml` to install.
2025-04-04 10:29:36,128:WARNING:
'cuml' is a soft dependency and not included in the pycaret installation. Please run: `pip install cuml` to install.
2025-04-04 10:29:40,187:INFO:Initializing load_model()
2025-04-04 10:29:40,187:INFO:load_model(model_name=diabetes p, platform=None, authentication=None, verbose=True)
2025-04-04 10:29:40,341:WARNING:C:\Users\Lenovo\AppData\Local\Programs\Python\Python311\Lib\site-packages\pycaret\internal\pipeline.py:148: UserWarning: Version mismatch:
current: {'deps_info': {'pip': '25.0.1', 'setuptools': '65.5.0', 'pycaret': '3.3.2', 'IPython': '9.0.2', 'ipywidgets': '8.1.5', 'tqdm': '4.67.1', 'numpy': '1.26.4', 'pandas': '2.1.4', 'jinja2': '3.1.6', 'scipy': '1.11.4', 'joblib': '1.3.2', 'sklearn': '1.4.2', 'pyod': '2.0.3', 'imblearn': '0.13.0', 'category_encoders': '2.7.0', 'lightgbm': '4.6.0', 'numba': '0.61.0', 'requests': '2.32.3', 'matplotlib': '3.7.5', 'scikitplot': '0.3.7', 'yellowbrick': '1.5', 'plotly': '5.24.1', 'plotly-resampler': 'Not installed', 'kaleido': '0.2.1', 'schemdraw': '0.15', 'statsmodels': '0.14.4', 'sktime': '0.26.0', 'tbats': '1.1.3', 'pmdarima': '2.0.4', 'psutil': '7.0.0', 'markupsafe': '3.0.2', 'pickle5': 'Not installed', 'cloudpickle': '3.1.1', 'deprecation': '2.1.0', 'xxhash': '3.5.0', 'wurlitzer': 'Not installed'}, 'python': {'version': '3.11.9', 'machine': 'AMD64'}}
pickle: {'deps_info': {'pip': '24.0', 'setuptools': '65.5.0', 'pycaret': '3.3.2', 'IPython': '9.0.2', 'ipywidgets': '8.1.5', 'tqdm': '4.67.1', 'numpy': '1.26.4', 'pandas': '2.1.4', 'jinja2': '3.1.6', 'scipy': '1.11.4', 'joblib': '1.3.2', 'sklearn': '1.4.2', 'pyod': '2.0.3', 'imblearn': '0.13.0', 'category_encoders': '2.7.0', 'lightgbm': '4.6.0', 'numba': '0.61.0', 'requests': '2.32.3', 'matplotlib': '3.7.5', 'scikitplot': '0.3.7', 'yellowbrick': '1.5', 'plotly': '5.24.1', 'plotly-resampler': 'Not installed', 'kaleido': '0.2.1', 'schemdraw': '0.15', 'statsmodels': '0.14.4', 'sktime': '0.26.0', 'tbats': '1.1.3', 'pmdarima': '2.0.4', 'psutil': '7.0.0', 'markupsafe': '3.0.2', 'pickle5': 'Not installed', 'cloudpickle': '3.1.1', 'deprecation': '2.1.0', 'xxhash': '3.5.0', 'wurlitzer': 'Not installed'}, 'python': {'version': '3.11.9', 'machine': 'AMD64'}}
  warnings.warn(

2025-04-04 10:29:47,493:INFO:Initializing predict_model()
2025-04-04 10:29:47,493:INFO:predict_model(self=<pycaret.classification.oop.ClassificationExperiment object at 0x00000236DC21B9D0>, estimator=Pipeline(memory=Memory(location=None),
         steps=[('numerical_imputer',
                 TransformerWrapper(include=['Pregnancies', 'Glucose',
                                             'BloodPressure', 'SkinThickness',
                                             'Insulin', 'BMI',
                                             'DiabetesPedigreeFunction',
                                             'Age'],
                                    transformer=SimpleImputer())),
                ('categorical_imputer',
                 TransformerWrapper(include=[],
                                    transformer=SimpleImputer(strategy='most_frequent'))),
                ('trained_model', LinearDiscriminantAnalysis())]), probability_threshold=None, encoded_labels=False, raw_score=False, round=4, verbose=True, ml_usecase=None, preprocess=True, encode_labels=<function _SupervisedExperiment.predict_model.<locals>.encode_labels at 0x00000236B6197560>)
2025-04-04 10:29:47,493:INFO:Checking exceptions
2025-04-04 10:29:47,493:INFO:Preloading libraries
2025-04-04 10:29:47,497:INFO:Set up data.
2025-04-04 10:29:47,517:INFO:Set up index.
2025-04-04 10:31:46,552:INFO:Initializing predict_model()
2025-04-04 10:31:46,552:INFO:predict_model(self=<pycaret.classification.oop.ClassificationExperiment object at 0x00000236DC212890>, estimator=Pipeline(memory=Memory(location=None),
         steps=[('numerical_imputer',
                 TransformerWrapper(include=['Pregnancies', 'Glucose',
                                             'BloodPressure', 'SkinThickness',
                                             'Insulin', 'BMI',
                                             'DiabetesPedigreeFunction',
                                             'Age'],
                                    transformer=SimpleImputer())),
                ('categorical_imputer',
                 TransformerWrapper(include=[],
                                    transformer=SimpleImputer(strategy='most_frequent'))),
                ('trained_model', LinearDiscriminantAnalysis())]), probability_threshold=None, encoded_labels=False, raw_score=False, round=4, verbose=True, ml_usecase=None, preprocess=True, encode_labels=<function _SupervisedExperiment.predict_model.<locals>.encode_labels at 0x00000236DC5591C0>)
2025-04-04 10:31:46,552:INFO:Checking exceptions
2025-04-04 10:31:46,552:INFO:Preloading libraries
2025-04-04 10:31:46,552:INFO:Set up data.
2025-04-04 10:31:46,555:INFO:Set up index.
2025-04-04 10:31:52,474:INFO:Initializing predict_model()
2025-04-04 10:31:52,474:INFO:predict_model(self=<pycaret.classification.oop.ClassificationExperiment object at 0x00000236DC212890>, estimator=Pipeline(memory=Memory(location=None),
         steps=[('numerical_imputer',
                 TransformerWrapper(include=['Pregnancies', 'Glucose',
                                             'BloodPressure', 'SkinThickness',
                                             'Insulin', 'BMI',
                                             'DiabetesPedigreeFunction',
                                             'Age'],
                                    transformer=SimpleImputer())),
                ('categorical_imputer',
                 TransformerWrapper(include=[],
                                    transformer=SimpleImputer(strategy='most_frequent'))),
                ('trained_model', LinearDiscriminantAnalysis())]), probability_threshold=None, encoded_labels=False, raw_score=False, round=4, verbose=True, ml_usecase=None, preprocess=True, encode_labels=<function _SupervisedExperiment.predict_model.<locals>.encode_labels at 0x00000236DC559EE0>)
2025-04-04 10:31:52,474:INFO:Checking exceptions
2025-04-04 10:31:52,474:INFO:Preloading libraries
2025-04-04 10:31:52,475:INFO:Set up data.
2025-04-04 10:31:52,479:INFO:Set up index.
2025-04-04 10:31:58,593:INFO:Initializing predict_model()
2025-04-04 10:31:58,593:INFO:predict_model(self=<pycaret.classification.oop.ClassificationExperiment object at 0x00000236DC5504D0>, estimator=Pipeline(memory=Memory(location=None),
         steps=[('numerical_imputer',
                 TransformerWrapper(include=['Pregnancies', 'Glucose',
                                             'BloodPressure', 'SkinThickness',
                                             'Insulin', 'BMI',
                                             'DiabetesPedigreeFunction',
                                             'Age'],
                                    transformer=SimpleImputer())),
                ('categorical_imputer',
                 TransformerWrapper(include=[],
                                    transformer=SimpleImputer(strategy='most_frequent'))),
                ('trained_model', LinearDiscriminantAnalysis())]), probability_threshold=None, encoded_labels=False, raw_score=False, round=4, verbose=True, ml_usecase=None, preprocess=True, encode_labels=<function _SupervisedExperiment.predict_model.<locals>.encode_labels at 0x00000236B4A78F40>)
2025-04-04 10:31:58,593:INFO:Checking exceptions
2025-04-04 10:31:58,594:INFO:Preloading libraries
2025-04-04 10:31:58,594:INFO:Set up data.
2025-04-04 10:31:58,597:INFO:Set up index.
2025-04-04 10:32:00,813:INFO:Initializing predict_model()
2025-04-04 10:32:00,813:INFO:predict_model(self=<pycaret.classification.oop.ClassificationExperiment object at 0x00000236DC1F2CD0>, estimator=Pipeline(memory=Memory(location=None),
         steps=[('numerical_imputer',
                 TransformerWrapper(include=['Pregnancies', 'Glucose',
                                             'BloodPressure', 'SkinThickness',
                                             'Insulin', 'BMI',
                                             'DiabetesPedigreeFunction',
                                             'Age'],
                                    transformer=SimpleImputer())),
                ('categorical_imputer',
                 TransformerWrapper(include=[],
                                    transformer=SimpleImputer(strategy='most_frequent'))),
                ('trained_model', LinearDiscriminantAnalysis())]), probability_threshold=None, encoded_labels=False, raw_score=False, round=4, verbose=True, ml_usecase=None, preprocess=True, encode_labels=<function _SupervisedExperiment.predict_model.<locals>.encode_labels at 0x00000236B6197560>)
2025-04-04 10:32:00,813:INFO:Checking exceptions
2025-04-04 10:32:00,813:INFO:Preloading libraries
2025-04-04 10:32:00,813:INFO:Set up data.
2025-04-04 10:32:00,816:INFO:Set up index.
2025-04-04 10:32:04,047:INFO:Initializing predict_model()
2025-04-04 10:32:04,047:INFO:predict_model(self=<pycaret.classification.oop.ClassificationExperiment object at 0x00000236DC13A890>, estimator=Pipeline(memory=Memory(location=None),
         steps=[('numerical_imputer',
                 TransformerWrapper(include=['Pregnancies', 'Glucose',
                                             'BloodPressure', 'SkinThickness',
                                             'Insulin', 'BMI',
                                             'DiabetesPedigreeFunction',
                                             'Age'],
                                    transformer=SimpleImputer())),
                ('categorical_imputer',
                 TransformerWrapper(include=[],
                                    transformer=SimpleImputer(strategy='most_frequent'))),
                ('trained_model', LinearDiscriminantAnalysis())]), probability_threshold=None, encoded_labels=False, raw_score=False, round=4, verbose=True, ml_usecase=None, preprocess=True, encode_labels=<function _SupervisedExperiment.predict_model.<locals>.encode_labels at 0x00000236C8449760>)
2025-04-04 10:32:04,047:INFO:Checking exceptions
2025-04-04 10:32:04,047:INFO:Preloading libraries
2025-04-04 10:32:04,048:INFO:Set up data.
2025-04-04 10:32:04,050:INFO:Set up index.
